2018-01-31 10:42:24 Programmed By:- Abhishek Sarkar
2018-01-31 10:42:30 1
2018-01-31 10:42:30 Ready to Close!
2018-01-31 10:42:31 Task Completed!
2018-01-31 10:43:32 Programmed By:- Abhishek Sarkar
2018-01-31 10:43:37 0
2018-01-31 10:43:37 Index: 0, Size: 0
2018-01-31 10:43:37 Ready to Close!
2018-01-31 10:43:38 Task Completed!
2018-01-31 10:44:21 Programmed By:- Abhishek Sarkar
2018-01-31 10:44:43 0
2018-01-31 10:44:47 Index: 0, Size: 0
2018-01-31 10:44:49 Ready to Close!
2018-01-31 10:44:52 Task Completed!
2018-01-31 10:44:58 Programmed By:- Abhishek Sarkar
2018-01-31 10:45:22 0
2018-01-31 10:45:32 Index: 0, Size: 0
2018-01-31 10:45:32 Ready to Close!
2018-01-31 10:45:36 Task Completed!
2018-01-31 10:46:36 Programmed By:- Abhishek Sarkar
2018-01-31 10:47:13 0
2018-01-31 10:47:18 Index: 0, Size: 0
2018-01-31 10:47:18 Ready to Close!
2018-01-31 10:47:21 Task Completed!
